Log file open, 07/09/18 10:37:15
LogWindows: Failed to load 'aqProf.dll' (GetLastError=126)
LogWindows: File 'aqProf.dll' does not exist
LogWindows: Failed to load 'VtuneApi.dll' (GetLastError=126)
LogWindows: File 'VtuneApi.dll' does not exist
LogWindows: Failed to load 'VtuneApi32e.dll' (GetLastError=126)
LogWindows: File 'VtuneApi32e.dll' does not exist
LogInit: Display: Running engine for game: MedievalVillage
LogPlatformFile: Not using cached read wrapper
LogInit: Display: RandInit(-1533370536) SRandInit(-1533370536).
LogInit: Read version file with build ID '3944462'
LogInit: Overriding engine version to CL 4033788, compatible CL 3944462
LogInit: Registered custom module enumerator with build ID '3944462'
LogTaskGraph: Started task graph with 5 named threads and 14 total threads with 3 sets of task threads.
LogStats: Stats thread started at 53.738294
LogD3D11RHI: Aftermath initialized
LogICUInternationalization: Display: ICU TimeZone Detection - Raw Offset: +2:00, Platform Override: ''
LogConfig: Warning: Failed to saved backup for config[Input]
LogConfig: Warning: Failed to saved backup for config[EditorSettings]
LogConfig: Warning: Failed to saved backup for config[Scalability]
LogModuleManager: Display: Found up-to-date module file ../../../Engine/Plugins/2D/Paper2D/Binaries/Win64/UE4Editor-Paper2D.dll (API version 3944462).
LogModuleManager: Display: Found up-to-date module file ../../../Engine/Plugins/2D/Paper2D/Binaries/Win64/UE4Editor-Paper2DEditor.dll (API version 3944462).
LogModuleManager: Display: Found up-to-date module file ../../../Engine/Plugins/2D/Paper2D/Binaries/Win64/UE4Editor-PaperSpriteSheetImporter.dll (API version 3944462).
LogModuleManager: Display: Found up-to-date module file ../../../Engine/Plugins/2D/Paper2D/Binaries/Win64/UE4Editor-PaperTiledImporter.dll (API version 3944462).
LogModuleManager: Display: Found up-to-date module file ../../../Engine/Plugins/2D/Paper2D/Binaries/Win64/UE4Editor-SmartSnapping.dll (API version 3944462).
LogModuleManager: Display: Found up-to-date module file ../../../Engine/Plugins/Blendables/LightPropagationVolume/Binaries/Win64/UE4Editor-LightPropagationVolumeRuntime.dll (API version 3944462).
LogModuleManager: Display: Found up-to-date module file ../../../Engine/Plugins/Blendables/LightPropagationVolume/Binaries/Win64/UE4Editor-LightPropagationVolumeEditor.dll (API version 3944462).
LogModuleManager: Display: Found up-to-date module file ../../../Engine/Plugins/Developer/CLionSourceCodeAccess/Binaries/Win64/UE4Editor-CLionSourceCodeAccess.dll (API version 3944462).
LogModuleManager: Display: Found up-to-date module file ../../../Engine/Plugins/Developer/GitSourceControl/Binaries/Win64/UE4Editor-GitSourceControl.dll (API version 3944462).
LogModuleManager: Display: Found up-to-date module file ../../../Engine/Plugins/Developer/PerforceSourceControl/Binaries/Win64/UE4Editor-PerforceSourceControl.dll (API version 3944462).
LogModuleManager: Display: Found up-to-date module file ../../../Engine/Plugins/Developer/SubversionSourceControl/Binaries/Win64/UE4Editor-SubversionSourceControl.dll (API version 3944462).
LogModuleManager: Display: Found up-to-date module file ../../../Engine/Plugins/Developer/UObjectPlugin/Binaries/Win64/UE4Editor-UObjectPlugin.dll (API version 3944462).
LogModuleManager: Display: Found up-to-date module file ../../../Engine/Plugins/Developer/VisualStudioCodeSourceCodeAccess/Binaries/Win64/UE4Editor-VisualStudioCodeSourceCodeAccess.dll (API version 3944462).
LogModuleManager: Display: Found up-to-date module file ../../../Engine/Plugins/Developer/VisualStudioSourceCodeAccess/Binaries/Win64/UE4Editor-VisualStudioSourceCodeAccess.dll (API version 3944462).
LogModuleManager: Display: Found up-to-date module file ../../../Engine/Plugins/Editor/AssetManagerEditor/Binaries/Win64/UE4Editor-AssetManagerEditor.dll (API version 3944462).
LogModuleManager: Display: Found up-to-date module file ../../../Engine/Plugins/Editor/CryptoKeys/Binaries/Win64/UE4Editor-CryptoKeys.dll (API version 3944462).
LogModuleManager: Display: Found up-to-date module file ../../../Engine/Plugins/Editor/CryptoKeys/Binaries/Win64/UE4Editor-CryptoKeysOpenSSL.dll (API version 3944462).
LogModuleManager: Display: Found up-to-date module file ../../../Engine/Plugins/Editor/DataValidation/Binaries/Win64/UE4Editor-DataValidation.dll (API version 3944462).
LogModuleManager: Display: Found up-to-date module file ../../../Engine/Plugins/Editor/FacialAnimation/Binaries/Win64/UE4Editor-FacialAnimation.dll (API version 3944462).
LogModuleManager: Display: Found up-to-date module file ../../../Engine/Plugins/Editor/FacialAnimation/Binaries/Win64/UE4Editor-FacialAnimationEditor.dll (API version 3944462).
LogModuleManager: Display: Found up-to-date module file ../../../Engine/Plugins/Editor/GameplayTagsEditor/Binaries/Win64/UE4Editor-GameplayTagsEditor.dll (API version 3944462).
LogModuleManager: Display: Found up-to-date module file ../../../Engine/Plugins/Editor/MobileLauncherProfileWizard/Binaries/Win64/UE4Editor-MobileLauncherProfileWizard.dll (API version 3944462).
LogModuleManager: Display: Found up-to-date module file ../../../Engine/Plugins/Editor/PluginBrowser/Binaries/Win64/UE4Editor-PluginBrowser.dll (API version 3944462).
LogModuleManager: Display: Found up-to-date module file ../../../Engine/Plugins/Editor/SpeedTreeImporter/Binaries/Win64/UE4Editor-SpeedTreeImporter.dll (API version 3944462).
LogModuleManager: Display: Found up-to-date module file ../../../Engine/Plugins/Enterprise/DatasmithContent/Binaries/Win64/UE4Editor-DatasmithContent.dll (API version 3944462).
LogModuleManager: Display: Found up-to-date module file ../../../Engine/Plugins/Experimental/AlembicImporter/Binaries/Win64/UE4Editor-AlembicImporter.dll (API version 3944462).
LogModuleManager: Display: Found up-to-date module file ../../../Engine/Plugins/Experimental/AlembicImporter/Binaries/Win64/UE4Editor-AlembicLibrary.dll (API version 3944462).
LogModuleManager: Display: Found up-to-date module file ../../../Engine/Plugins/Experimental/CharacterAI/Binaries/Win64/UE4Editor-CharacterAI.dll (API version 3944462).
LogModuleManager: Display: Found up-to-date module file ../../../Engine/Plugins/Experimental/HTML5Networking/Binaries/Win64/UE4Editor-HTML5Networking.dll (API version 3944462).
LogModuleManager: Display: Found up-to-date module file ../../../Engine/Plugins/Media/AndroidMedia/Binaries/Win64/UE4Editor-AndroidMediaEditor.dll (API version 3944462).
LogModuleManager: Display: Found up-to-date module file ../../../Engine/Plugins/Media/AndroidMedia/Binaries/Win64/UE4Editor-AndroidMediaFactory.dll (API version 3944462).
LogModuleManager: Display: Found up-to-date module file ../../../Engine/Plugins/Media/AvfMedia/Binaries/Win64/UE4Editor-AvfMediaEditor.dll (API version 3944462).
LogModuleManager: Display: Found up-to-date module file ../../../Engine/Plugins/Media/AvfMedia/Binaries/Win64/UE4Editor-AvfMediaFactory.dll (API version 3944462).
LogModuleManager: Display: Found up-to-date module file ../../../Engine/Plugins/Media/AvfMedia/Binaries/Win64/UE4Editor-AvfMediaFactory.dll (API version 3944462).
LogModuleManager: Display: Found up-to-date module file ../../../Engine/Plugins/Media/ImgMedia/Binaries/Win64/UE4Editor-ImgMedia.dll (API version 3944462).
LogModuleManager: Display: Found up-to-date module file ../../../Engine/Plugins/Media/ImgMedia/Binaries/Win64/UE4Editor-ImgMediaEditor.dll (API version 3944462).
LogModuleManager: Display: Found up-to-date module file ../../../Engine/Plugins/Media/ImgMedia/Binaries/Win64/UE4Editor-ImgMediaFactory.dll (API version 3944462).
LogModuleManager: Display: Found up-to-date module file ../../../Engine/Plugins/Media/ImgMedia/Binaries/Win64/UE4Editor-ImgMediaFactory.dll (API version 3944462).
LogModuleManager: Display: Found up-to-date module file ../../../Engine/Plugins/Media/ImgMedia/Binaries/Win64/UE4Editor-OpenExrWrapper.dll (API version 3944462).
LogModuleManager: Display: Found up-to-date module file ../../../Engine/Plugins/Media/LinearTimecode/Binaries/Win64/UE4Editor-LinearTimecode.dll (API version 3944462).
LogModuleManager: Display: Found up-to-date module file ../../../Engine/Plugins/Media/MediaCompositing/Binaries/Win64/UE4Editor-MediaCompositing.dll (API version 3944462).
LogModuleManager: Display: Found up-to-date module file ../../../Engine/Plugins/Media/MediaCompositing/Binaries/Win64/UE4Editor-MediaCompositingEditor.dll (API version 3944462).
LogModuleManager: Display: Found up-to-date module file ../../../Engine/Plugins/Media/MediaPlayerEditor/Binaries/Win64/UE4Editor-MediaPlayerEditor.dll (API version 3944462).
LogModuleManager: Display: Found up-to-date module file ../../../Engine/Plugins/Media/WmfMedia/Binaries/Win64/UE4Editor-WmfMedia.dll (API version 3944462).
LogModuleManager: Display: Found up-to-date module file ../../../Engine/Plugins/Media/WmfMedia/Binaries/Win64/UE4Editor-WmfMediaEditor.dll (API version 3944462).
LogModuleManager: Display: Found up-to-date module file ../../../Engine/Plugins/Media/WmfMedia/Binaries/Win64/UE4Editor-WmfMediaFactory.dll (API version 3944462).
LogModuleManager: Display: Found up-to-date module file ../../../Engine/Plugins/Media/WmfMedia/Binaries/Win64/UE4Editor-WmfMediaFactory.dll (API version 3944462).
LogModuleManager: Display: Found up-to-date module file ../../../Engine/Plugins/Messaging/TcpMessaging/Binaries/Win64/UE4Editor-TcpMessaging.dll (API version 3944462).
LogModuleManager: Display: Found up-to-date module file ../../../Engine/Plugins/Messaging/UdpMessaging/Binaries/Win64/UE4Editor-UdpMessaging.dll (API version 3944462).
LogModuleManager: Display: Found up-to-date module file ../../../Engine/Plugins/MovieScene/ActorSequence/Binaries/Win64/UE4Editor-ActorSequence.dll (API version 3944462).
LogModuleManager: Display: Found up-to-date module file ../../../Engine/Plugins/MovieScene/LevelSequenceEditor/Binaries/Win64/UE4Editor-LevelSequenceEditor.dll (API version 3944462).
LogModuleManager: Display: Found up-to-date module file ../../../Engine/Plugins/MovieScene/MatineeToLevelSequence/Binaries/Win64/UE4Editor-MatineeToLevelSequence.dll (API version 3944462).
LogModuleManager: Display: Found up-to-date module file ../../../Engine/Plugins/NetcodeUnitTest/NetcodeUnitTest/Binaries/Win64/UE4Editor-NetcodeUnitTest.dll (API version 3944462).
LogModuleManager: Display: Found up-to-date module file ../../../Engine/Plugins/NetcodeUnitTest/NUTUnrealEngine4/Binaries/Win64/UE4Editor-NUTUnrealEngine4.dll (API version 3944462).
LogModuleManager: Display: Found up-to-date module file ../../../Engine/Plugins/Online/OnlineSubsystem/Binaries/Win64/UE4Editor-OnlineSubsystem.dll (API version 3944462).
LogModuleManager: Display: Found up-to-date module file ../../../Engine/Plugins/Runtime/AndroidPermission/Binaries/Win64/UE4Editor-AndroidPermission.dll (API version 3944462).
LogModuleManager: Display: Found up-to-date module file ../../../Engine/Plugins/Online/OnlineSubsystemNull/Binaries/Win64/UE4Editor-OnlineSubsystemNull.dll (API version 3944462).
LogModuleManager: Display: Found up-to-date module file ../../../Engine/Plugins/Online/OnlineSubsystemUtils/Binaries/Win64/UE4Editor-OnlineSubsystemUtils.dll (API version 3944462).
LogModuleManager: Display: Found up-to-date module file ../../../Engine/Plugins/Online/OnlineSubsystemUtils/Binaries/Win64/UE4Editor-OnlineBlueprintSupport.dll (API version 3944462).
LogModuleManager: Display: Found up-to-date module file ../../../Engine/Plugins/Runtime/AndroidDeviceProfileSelector/Binaries/Win64/UE4Editor-AndroidDeviceProfileSelector.dll (API version 3944462).
LogModuleManager: Display: Found up-to-date module file ../../../Engine/Plugins/Runtime/AppleARKit/Binaries/Win64/UE4Editor-AppleARKit.dll (API version 3944462).
LogModuleManager: Display: Found up-to-date module file ../../../Engine/Plugins/Runtime/ProceduralMeshComponent/Binaries/Win64/UE4Editor-ProceduralMeshComponent.dll (API version 3944462).
LogModuleManager: Display: Found up-to-date module file ../../../Engine/Plugins/Runtime/ProceduralMeshComponent/Binaries/Win64/UE4Editor-ProceduralMeshComponentEditor.dll (API version 3944462).
LogModuleManager: Display: Found up-to-date module file ../../../Engine/Plugins/Animation/LiveLink/Binaries/Win64/UE4Editor-LiveLink.dll (API version 3944462).
LogModuleManager: Display: Found up-to-date module file ../../../Engine/Plugins/Animation/LiveLink/Binaries/Win64/UE4Editor-LiveLinkEditor.dll (API version 3944462).
LogModuleManager: Display: Found up-to-date module file ../../../Engine/Plugins/Runtime/ArchVisCharacter/Binaries/Win64/UE4Editor-ArchVisCharacter.dll (API version 3944462).
LogModuleManager: Display: Found up-to-date module file ../../../Engine/Plugins/Runtime/AudioCapture/Binaries/Win64/UE4Editor-AudioCapture.dll (API version 3944462).
LogModuleManager: Display: Found up-to-date module file ../../../Engine/Plugins/Runtime/AudioCapture/Binaries/Win64/UE4Editor-AudioCaptureEditor.dll (API version 3944462).
LogModuleManager: Display: Found up-to-date module file ../../../Engine/Plugins/Runtime/CableComponent/Binaries/Win64/UE4Editor-CableComponent.dll (API version 3944462).
LogModuleManager: Display: Found up-to-date module file ../../../Engine/Plugins/Runtime/CustomMeshComponent/Binaries/Win64/UE4Editor-CustomMeshComponent.dll (API version 3944462).
LogModuleManager: Display: Found up-to-date module file ../../../Engine/Plugins/Runtime/ExampleDeviceProfileSelector/Binaries/Win64/UE4Editor-ExampleDeviceProfileSelector.dll (API version 3944462).
LogModuleManager: Display: Found up-to-date module file ../../../Engine/Plugins/Runtime/ImmediatePhysics/Binaries/Win64/UE4Editor-ImmediatePhysics.dll (API version 3944462).
LogModuleManager: Display: Found up-to-date module file ../../../Engine/Plugins/Runtime/ImmediatePhysics/Binaries/Win64/UE4Editor-ImmediatePhysicsEditor.dll (API version 3944462).
LogModuleManager: Display: Found up-to-date module file ../../../Engine/Plugins/Runtime/LocationServicesBPLibrary/Binaries/Win64/UE4Editor-LocationServicesBPLibrary.dll (API version 3944462).
LogModuleManager: Display: Found up-to-date module file ../../../Engine/Plugins/Runtime/MobilePatchingUtils/Binaries/Win64/UE4Editor-MobilePatchingUtils.dll (API version 3944462).
LogModuleManager: Display: Found up-to-date module file ../../../Engine/Plugins/Runtime/Oculus/OculusVR/Binaries/Win64/UE4Editor-OculusHMD.dll (API version 3944462).
LogModuleManager: Display: Found up-to-date module file ../../../Engine/Plugins/Runtime/Oculus/OculusVR/Binaries/Win64/UE4Editor-OculusInput.dll (API version 3944462).
LogModuleManager: Display: Found up-to-date module file ../../../Engine/Plugins/Runtime/Oculus/OculusVR/Binaries/Win64/UE4Editor-OculusEditor.dll (API version 3944462).
LogModuleManager: Display: Found up-to-date module file ../../../Engine/Plugins/Runtime/PhysXVehicles/Binaries/Win64/UE4Editor-PhysXVehicles.dll (API version 3944462).
LogModuleManager: Display: Found up-to-date module file ../../../Engine/Plugins/Runtime/PhysXVehicles/Binaries/Win64/UE4Editor-PhysXVehiclesEditor.dll (API version 3944462).
LogModuleManager: Display: Found up-to-date module file ../../../Engine/Plugins/Runtime/RuntimePhysXCooking/Binaries/Win64/UE4Editor-RuntimePhysXCooking.dll (API version 3944462).
LogModuleManager: Display: Found up-to-date module file ../../../Engine/Plugins/Runtime/Steam/SteamVR/Binaries/Win64/UE4Editor-SteamVR.dll (API version 3944462).
LogModuleManager: Display: Found up-to-date module file ../../../Engine/Plugins/Runtime/Steam/SteamVR/Binaries/Win64/UE4Editor-SteamVRController.dll (API version 3944462).
LogModuleManager: Display: Found up-to-date module file ../../../Engine/Plugins/Runtime/WindowsMoviePlayer/Binaries/Win64/UE4Editor-WindowsMoviePlayer.dll (API version 3944462).
LogPluginManager: Mounting plugin Paper2D
LogPluginManager: Mounting plugin LiveLink
LogConfig: Warning: Failed to saved backup for config[LiveLink]
LogPluginManager: Mounting plugin LightPropagationVolume
LogConfig: Warning: Failed to saved backup for config[LightPropagationVolume]
LogPluginManager: Mounting plugin CLionSourceCodeAccess
LogPluginManager: Mounting plugin CodeLiteSourceCodeAccess
LogPluginManager: Mounting plugin GitSourceControl
LogConfig: Warning: Failed to saved backup for config[GitSourceControl]
LogPluginManager: Mounting plugin KDevelopSourceCodeAccess
LogPluginManager: Mounting plugin NullSourceCodeAccess
LogConfig: Warning: Failed to saved backup for config[NullSourceCodeAccess]
LogPluginManager: Mounting plugin PerforceSourceControl
LogPluginManager: Mounting plugin SubversionSourceControl
LogPluginManager: Mounting plugin UObjectPlugin
LogConfig: Warning: Failed to saved backup for config[UObjectPlugin]
LogPluginManager: Mounting plugin VisualStudioCodeSourceCodeAccess
LogConfig: Warning: Failed to saved backup for config[VisualStudioCodeSourceCodeAccess]
LogPluginManager: Mounting plugin VisualStudioSourceCodeAccess
LogPluginManager: Mounting plugin XCodeSourceCodeAccess
LogPluginManager: Mounting plugin AssetManagerEditor
LogConfig: Warning: Failed to saved backup for config[AssetManagerEditor]
LogPluginManager: Mounting plugin CryptoKeys
LogPluginManager: Mounting plugin DataValidation
LogConfig: Warning: Failed to saved backup for config[DataValidation]
LogPluginManager: Mounting plugin FacialAnimation
LogPluginManager: Mounting plugin GameplayTagsEditor
LogPluginManager: Mounting plugin MobileLauncherProfileWizard
LogPluginManager: Mounting plugin PluginBrowser
LogPluginManager: Mounting plugin SpeedTreeImporter
LogPluginManager: Mounting plugin DatasmithContent
LogPluginManager: Mounting plugin AlembicImporter
LogPluginManager: Mounting plugin CharacterAI
LogPluginManager: Mounting plugin HTML5Networking
LogConfig: Warning: Failed to saved backup for config[HTML5Networking]
LogPluginManager: Mounting plugin AndroidMedia
LogPluginManager: Mounting plugin AvfMedia
LogPluginManager: Mounting plugin ImgMedia
LogConfig: Warning: Failed to saved backup for config[ImgMedia]
LogPluginManager: Mounting plugin LinearTimecode
LogConfig: Warning: Failed to saved backup for config[LinearTimecode]
LogPluginManager: Mounting plugin MediaCompositing
LogPluginManager: Mounting plugin MediaPlayerEditor
LogPluginManager: Mounting plugin WmfMedia
LogPluginManager: Mounting plugin TcpMessaging
LogConfig: Warning: Failed to saved backup for config[TcpMessaging]
LogPluginManager: Mounting plugin UdpMessaging
LogPluginManager: Mounting plugin ActorSequence
LogConfig: Warning: Failed to saved backup for config[ActorSequence]
LogPluginManager: Mounting plugin LevelSequenceEditor
LogPluginManager: Mounting plugin MatineeToLevelSequence
LogConfig: Warning: Failed to saved backup for config[MatineeToLevelSequence]
LogPluginManager: Mounting plugin NetcodeUnitTest
LogPluginManager: Mounting plugin NUTUnrealEngine4
LogPluginManager: Mounting plugin OnlineSubsystemGooglePlay
LogPluginManager: Mounting plugin OnlineSubsystemIOS
LogPluginManager: Mounting plugin OnlineSubsystem
LogPluginManager: Mounting plugin OnlineSubsystemNull
LogPluginManager: Mounting plugin OnlineSubsystemUtils
LogPluginManager: Mounting plugin AndroidDeviceProfileSelector
LogConfig: Warning: Failed to saved backup for config[AndroidDeviceProfileSelector]
LogPluginManager: Mounting plugin AndroidMoviePlayer
LogConfig: Warning: Failed to saved backup for config[AndroidMoviePlayer]
LogPluginManager: Mounting plugin AndroidPermission
LogPluginManager: Mounting plugin AppleARKit
LogPluginManager: Mounting plugin AppleMoviePlayer
LogConfig: Warning: Failed to saved backup for config[AppleMoviePlayer]
LogPluginManager: Mounting plugin ArchVisCharacter
LogPluginManager: Mounting plugin AudioCapture
LogPluginManager: Mounting plugin CableComponent
LogConfig: Warning: Failed to saved backup for config[CableComponent]
LogPluginManager: Mounting plugin CustomMeshComponent
LogPluginManager: Mounting plugin ExampleDeviceProfileSelector
LogConfig: Warning: Failed to saved backup for config[ExampleDeviceProfileSelector]
LogPluginManager: Mounting plugin GoogleCloudMessaging
LogPluginManager: Mounting plugin ImmediatePhysics
LogPluginManager: Mounting plugin IOSDeviceProfileSelector
LogPluginManager: Mounting plugin LinuxDeviceProfileSelector
LogPluginManager: Mounting plugin LocationServicesBPLibrary
LogConfig: Warning: Failed to saved backup for config[LocationServicesBPLibrary]
LogPluginManager: Mounting plugin MobilePatchingUtils
LogPluginManager: Mounting plugin OculusVR
LogPluginManager: Plugin shader directory ../../../Engine/Plugins/Runtime/Oculus/OculusVR/Shaders found
LogPluginManager: Mapping shader source directory ../../../Engine/Plugins/Runtime/Oculus/OculusVR/Shaders to virtual directory /Plugin/OculusVR
LogPluginManager: Mounting plugin PhysXVehicles
LogConfig: Warning: Failed to saved backup for config[PhysXVehicles]
LogPluginManager: Mounting plugin ProceduralMeshComponent
LogPluginManager: Mounting plugin RuntimePhysXCooking
LogPluginManager: Mounting plugin SteamVR
LogPluginManager: Mounting plugin WindowsMoviePlayer
LogStreaming: Display: Took  5.225s to configure plugins.
LogInit: Using libcurl 7.47.1
LogInit:  - built for x86_64-pc-win32
LogInit:  - supports SSL with OpenSSL/1.0.2g
LogInit:  - supports HTTP deflate (compression) using libz 1.2.8
LogInit:  - other features:
LogInit:      CURL_VERSION_SSL
LogInit:      CURL_VERSION_LIBZ
LogInit:      CURL_VERSION_IPV6
LogInit:      CURL_VERSION_ASYNCHDNS
LogInit:      CURL_VERSION_LARGEFILE
LogInit:      CURL_VERSION_IDN
LogInit:  CurlRequestOptions (configurable via config and command line):
LogInit:  - bVerifyPeer = false  - Libcurl will NOT verify peer certificate
LogInit:  - bUseHttpProxy = false  - Libcurl will NOT use HTTP proxy
LogInit:  - bDontReuseConnections = false  - Libcurl will reuse connections
LogInit:  - CertBundlePath = nullptr  - Libcurl will use whatever was configured at build time.
LogInit:  - MaxHostConnections = 16  - Libcurl will limit the number of connections to a host
LogInit:  - LocalHostAddr = Default
LogInit: WinSock: version 1.1 (2.2), MaxSocks=32767, MaxUdp=65467
LogInit: WinSock: I am BerkeKiran (192.168.1.193:0)
LogInit: Build: ++UE4+Release-4.19-CL-4033788
LogInit: Engine Version: 4.19.2-4033788+++UE4+Release-4.19
LogInit: Compatible Engine Version: 4.19.0-3944462+++UE4+Release-4.19
LogInit: Net CL: 3944462
LogDevObjectVersion: Number of dev versions registered: 18
LogDevObjectVersion:   Dev-Blueprints (B0D832E4-1F89-4F0D-ACCF-7EB736FD4AA2): 10
LogDevObjectVersion:   Dev-Build (E1C64328-A22C-4D53-A36C-8E866417BD8C): 0
LogDevObjectVersion:   Dev-Core (375EC13C-06E4-48FB-B500-84F0262A717E): 2
LogDevObjectVersion:   Dev-Editor (E4B068ED-F494-42E9-A231-DA0B2E46BB41): 23
LogDevObjectVersion:   Dev-Framework (CFFC743F-43B0-4480-9391-14DF171D2073): 33
LogDevObjectVersion:   Dev-Mobile (B02B49B5-BB20-44E9-A304-32B752E40360): 2
LogDevObjectVersion:   Dev-Networking (A4E4105C-59A1-49B5-A7C5-40C4547EDFEE): 0
LogDevObjectVersion:   Dev-Online (39C831C9-5AE6-47DC-9A44-9C173E1C8E7C): 0
LogDevObjectVersion:   Dev-Physics (78F01B33-EBEA-4F98-B9B4-84EACCB95AA2): 0
LogDevObjectVersion:   Dev-Platform (6631380F-2D4D-43E0-8009-CF276956A95A): 0
LogDevObjectVersion:   Dev-Rendering (12F88B9F-8875-4AFC-A67C-D90C383ABD29): 25
LogDevObjectVersion:   Dev-Sequencer (7B5AE74C-D270-4C10-A958-57980B212A5A): 6
LogDevObjectVersion:   Dev-VR (D7296918-1DD6-4BDD-9DE2-64A83CC13884): 1
LogDevObjectVersion:   Dev-LoadTimes (C2A15278-BFE7-4AFE-6C17-90FF531DF755): 1
LogDevObjectVersion:   Private-Geometry (6EACA3D4-40EC-4CC1-B786-8BED09428FC5): 2
LogDevObjectVersion:   Dev-AnimPhys (29E575DD-E0A3-4627-9D10-D276232CDCEA): 16
LogDevObjectVersion:   Dev-ReflectionCapture (6B266CEC-1EC7-4B8F-A30B-E4D90942FC07): 1
LogDevObjectVersion:   Dev-Automation (0DF73D61-A23F-47EA-B727-89E90C41499A): 1
LogInit: Compiled (64-bit): Apr 27 2018 02:06:57
LogInit: Compiled with Visual C++: 19.00.24215.01
LogInit: Build Configuration: Development
LogInit: Branch Name: ++UE4+Release-4.19
LogInit: Command Line:  
LogInit: Base Directory: C:/Program Files/Epic Games/UE_4.19/Engine/Binaries/Win64/
LogInit: Installed Engine Build: 1
LogStreaming: Display: Took  0.059s to delete old logs.
LogInit: Presizing for max 8388607 objects, including 0 objects not considered by GC, pre-allocating 0 bytes for permanent pool.
LogInit: Object subsystem initialized
[2018.07.09-07.37.25:901][  0]LogInit: Selected Device Profile: [Windows]
[2018.07.09-07.37.25:901][  0]LogInit: Applying CVar settings loaded from the selected device profile: [Windows]
[2018.07.09-07.37.25:966][  0]LogConfig: Warning: Failed to saved backup for config[DeviceProfiles]
[2018.07.09-07.37.26:107][  0]LogInit: Computer: BERKEKIRAN
[2018.07.09-07.37.26:107][  0]LogInit: User: berkekiran
[2018.07.09-07.37.26:107][  0]LogInit: CPU Page size=4096, Cores=4
[2018.07.09-07.37.26:107][  0]LogInit: High frequency timer resolution =3.134208 MHz
[2018.07.09-07.37.26:107][  0]LogMemory: Memory total: Physical=31.9GB (32GB approx)
[2018.07.09-07.37.26:107][  0]LogMemory: Platform Memory Stats for Windows
[2018.07.09-07.37.26:107][  0]LogMemory: Process Physical Memory: 273.85 MB used, 273.85 MB peak
[2018.07.09-07.37.26:107][  0]LogMemory: Process Virtual Memory: 263.97 MB used, 263.97 MB peak
[2018.07.09-07.37.26:107][  0]LogMemory: Physical Memory: 4877.29 MB used,  27833.54 MB free, 32710.82 MB total
[2018.07.09-07.37.26:107][  0]LogMemory: Virtual Memory: 686.44 MB used,  27833.54 MB free, 134217728.00 MB total
[2018.07.09-07.37.26:981][  0]LogInit: Using OS detected language (en-US).
[2018.07.09-07.37.26:981][  0]LogInit: Using OS detected locale (en-US).
[2018.07.09-07.37.27:304][  0]LogTextLocalizationManager: No specific localization for 'en-US' exists, so the 'en' localization will be used.
[2018.07.09-07.37.28:647][  0]LogStreaming: Display: Took  1.597s to EndInitTextLocalization.
[2018.07.09-07.37.29:245][  0]LogInit: Setting process to per monitor DPI aware
[2018.07.09-07.37.30:684][  0]LogSlate: New Slate User Created.  User Index 0, Is Virtual User: 0
[2018.07.09-07.37.30:684][  0]LogSlate: Slate User Registered.  User Index 0, Is Virtual User: 0
[2018.07.09-07.37.33:733][  0]LogD3D11RHI: D3D11 adapters:
[2018.07.09-07.37.34:010][  0]LogD3D11RHI:    0. 'NVIDIA GeForce GTX 760' (Feature Level 11_0)
[2018.07.09-07.37.34:010][  0]LogD3D11RHI:       2007/0/16355 MB DedicatedVideo/DedicatedSystem/SharedSystem, Outputs:1, VendorId:0x10de
[2018.07.09-07.37.34:012][  0]LogD3D11RHI:    1. 'Microsoft Basic Render Driver' (Feature Level 11_0)
[2018.07.09-07.37.34:012][  0]LogD3D11RHI:       0/0/16355 MB DedicatedVideo/DedicatedSystem/SharedSystem, Outputs:0, VendorId:0x1414
[2018.07.09-07.37.34:012][  0]LogD3D11RHI: Chosen D3D11 Adapter: 0
[2018.07.09-07.37.34:034][  0]LogD3D11RHI: Creating new Direct3DDevice
[2018.07.09-07.37.34:035][  0]LogD3D11RHI:     GPU DeviceId: 0x1187 (for the marketing name, search the web for "GPU Device Id")
[2018.07.09-07.37.34:036][  0]LogWindows: EnumDisplayDevices:
[2018.07.09-07.37.34:036][  0]LogWindows:    0. 'NVIDIA GeForce GTX 760' (P:1 D:1)
[2018.07.09-07.37.34:036][  0]LogWindows:    1. 'NVIDIA GeForce GTX 760' (P:0 D:0)
[2018.07.09-07.37.34:036][  0]LogWindows:    2. 'NVIDIA GeForce GTX 760' (P:0 D:0)
[2018.07.09-07.37.34:036][  0]LogWindows:    3. 'NVIDIA GeForce GTX 760' (P:0 D:0)
[2018.07.09-07.37.34:036][  0]LogWindows: DebugString: GetVideoDriverDetailsInvalid PrimaryIsNotTheChoosenAdapter GetVideoDriverDetailsInvalid PrimaryIsNotTheChoosenAdapter GetVideoDriverDetailsInvalid PrimaryIsNotTheChoosenAdapter GetVideoDriverDetailsInvalid PrimaryIsNotTheChoosenAdapter FoundDriverCount:0 
[2018.07.09-07.37.34:036][  0]LogD3D11RHI:     Adapter Name: NVIDIA GeForce GTX 760
[2018.07.09-07.37.34:036][  0]LogD3D11RHI:   Driver Version: Unknown (internal:Unknown, unified:Unknown)
[2018.07.09-07.37.34:036][  0]LogD3D11RHI:      Driver Date: Unknown
[2018.07.09-07.37.34:047][  0]LogRHI: Texture pool is 1404 MB (70% of 2007 MB)
[2018.07.09-07.37.34:369][  0]LogD3D11RHI: [Aftermath] Aftermath enabled and primed
[2018.07.09-07.37.34:369][  0]LogD3D11RHI: [Aftermath] Aftermath enabled and primed
[2018.07.09-07.37.34:369][  0]LogD3D11RHI: Async texture creation enabled
[2018.07.09-07.37.35:083][  0]LogD3D11RHI: GPU Timing Frequency: 1000.000000 (Debug: 2 3)
[2018.07.09-07.37.35:136][  0]LogShaderCompilers: Guid format shader working directory is -8 characters bigger than the processId version (../../../../../../Users/berke.kiran/Desktop/MedievalVillage/Intermediate/Shaders/WorkingDirectory/20004/).
[2018.07.09-07.37.35:146][  0]LogShaderCompilers: Cleaned the shader compiler working directory 'C:/Users/berke.kiran/AppData/Local/Temp/UnrealShaderWorkingDir/19571D424AED977B9CF5BEB542A08EDA/'.
[2018.07.09-07.37.36:823][  0]LogTemp: Display: Loaded TP AllDesktopTargetPlatform
[2018.07.09-07.37.36:856][  0]LogTemp: Display: Loaded TP MacClientTargetPlatform
[2018.07.09-07.37.36:891][  0]LogTemp: Display: Loaded TP MacNoEditorTargetPlatform
[2018.07.09-07.37.36:912][  0]LogTemp: Display: Loaded TP MacServerTargetPlatform
[2018.07.09-07.37.36:942][  0]LogTemp: Display: Loaded TP MacTargetPlatform
[2018.07.09-07.37.36:960][  0]LogTemp: Display: Loaded TP WindowsClientTargetPlatform
[2018.07.09-07.37.36:983][  0]LogTemp: Display: Loaded TP WindowsNoEditorTargetPlatform
[2018.07.09-07.37.37:000][  0]LogTemp: Display: Loaded TP WindowsServerTargetPlatform
[2018.07.09-07.37.37:020][  0]LogTemp: Display: Loaded TP WindowsTargetPlatform
[2018.07.09-07.37.37:042][  0]LogTemp: Display: Loaded TP Android_ASTCTargetPlatform
[2018.07.09-07.37.37:059][  0]LogTemp: Display: Loaded TP Android_ATCTargetPlatform
[2018.07.09-07.37.37:080][  0]LogTemp: Display: Loaded TP Android_DXTTargetPlatform
[2018.07.09-07.37.37:095][  0]LogTemp: Display: Loaded TP Android_ETC1aTargetPlatform
[2018.07.09-07.37.37:116][  0]LogTemp: Display: Loaded TP Android_ETC1TargetPlatform
[2018.07.09-07.37.37:131][  0]LogTemp: Display: Loaded TP Android_ETC2TargetPlatform
[2018.07.09-07.37.37:186][  0]LogTemp: Display: Loaded TP Android_MultiTargetPlatform
[2018.07.09-07.37.37:186][  0]LogTemp: Display: Loaded TP Android_PVRTCTargetPlatform
[2018.07.09-07.37.37:222][  0]LogTemp: Display: Loaded TP AndroidTargetPlatform
[2018.07.09-07.37.37:227][  0]LogTemp: Display: Loaded TP HTML5TargetPlatform
[2018.07.09-07.37.37:382][  0]LogTemp: Display: Loaded TP IOSTargetPlatform
[2018.07.09-07.37.37:398][  0]LogTemp: Display: Loaded TP TVOSTargetPlatform
[2018.07.09-07.37.37:414][  0]LogTemp: Display: Loaded TP LinuxClientTargetPlatform
[2018.07.09-07.37.37:429][  0]LogTemp: Display: Loaded TP LinuxNoEditorTargetPlatform
[2018.07.09-07.37.37:445][  0]LogTemp: Display: Loaded TP LinuxServerTargetPlatform
[2018.07.09-07.37.37:470][  0]LogTemp: Display: Loaded TP LinuxTargetPlatform
[2018.07.09-07.37.37:470][  0]LogTargetPlatformManager: Display: Building Assets For Windows
[2018.07.09-07.37.39:134][  0]LogXGEController: Cleaning working directory: C:/Users/berke.kiran/AppData/Local/Temp/UnrealXGEWorkingDir/
[2018.07.09-07.37.39:135][  0]LogXGEController: Cannot use XGE Controller as Incredibuild is not installed on this machine.
[2018.07.09-07.37.39:177][  0]LogShaderCompilers: Cannot use XGE Shader Compiler as Incredibuild is not installed on this machine.
[2018.07.09-07.37.39:177][  0]LogShaderCompilers: Display: Using Local Shader Compiler.
[2018.07.09-07.37.45:074][  0]LogDerivedDataCache: Display: Max Cache Size: 512 MB
[2018.07.09-07.37.46:153][  0]LogDerivedDataCache: Loaded boot cache 1.07s 74MB C:/Users/berke.kiran/AppData/Local/UnrealEngine/4.19/DerivedDataCache/Boot.ddc.
[2018.07.09-07.37.46:153][  0]LogDerivedDataCache: Display: Loaded Boot cache: C:/Users/berke.kiran/AppData/Local/UnrealEngine/4.19/DerivedDataCache/Boot.ddc
[2018.07.09-07.37.46:153][  0]LogDerivedDataCache: FDerivedDataBackendGraph:  Pak pak cache file ../../../../../../Users/berke.kiran/Desktop/MedievalVillage/DerivedDataCache/DDC.ddp not found, will not use a pak cache.
[2018.07.09-07.37.46:153][  0]LogDerivedDataCache: Unable to find inner node Pak for hierarchical cache Hierarchy.
[2018.07.09-07.37.46:153][  0]LogDerivedDataCache: FDerivedDataBackendGraph:  CompressedPak pak cache file ../../../../../../Users/berke.kiran/Desktop/MedievalVillage/DerivedDataCache/Compressed.ddp not found, will not use a pak cache.
[2018.07.09-07.37.46:154][  0]LogDerivedDataCache: Unable to find inner node CompressedPak for hierarchical cache Hierarchy.
[2018.07.09-07.37.46:360][  0]LogDerivedDataCache: Display: Pak cache opened for reading ../../../Engine/DerivedDataCache/Compressed.ddp.
[2018.07.09-07.37.46:403][  0]LogDerivedDataCache: Using Local data cache path C:/Users/berke.kiran/AppData/Local/UnrealEngine/Common/DerivedDataCache: Writable
[2018.07.09-07.37.46:403][  0]LogDerivedDataCache: Shared data cache path not found in *engine.ini, will not use an Shared cache.
[2018.07.09-07.37.46:403][  0]LogDerivedDataCache: Unable to find inner node Shared for hierarchical cache Hierarchy.
[2018.07.09-07.37.46:467][  0]LogMaterial: Verifying Global Shaders for PCD3D_SM5
[2018.07.09-07.37.46:491][  0]LogSlate: Using Freetype 2.6.0
[2018.07.09-07.37.46:553][  0]LogSlate: SlateFontCache - WITH_FREETYPE: 1, WITH_HARFBUZZ: 1
[2018.07.09-07.37.46:553][  0]LogSlate: SlateFontCache - WITH_FREETYPE: 1, WITH_HARFBUZZ: 1
[2018.07.09-07.37.49:454][  0]LogAssetRegistry: FAssetRegistry took 0.0351 seconds to start up
[2018.07.09-07.37.53:590][  0]LogInit: Selected Device Profile: [Windows]
[2018.07.09-07.37.55:330][  0]LogAssetRegistry: Error: Failed to open file for write ../../../../../../Users/berke.kiran/Desktop/MedievalVillage/Intermediate/CachedAssetRegistry.bin
[2018.07.09-07.37.55:330][  0]LogSimplygon: Simplygon DLL not present - disabling.
[2018.07.09-07.37.55:360][  0]LogMeshReduction: Using SimplygonSwarm for distributed automatic mesh merging
[2018.07.09-07.37.55:360][  0]LogMeshReduction: Using QuadricMeshReduction for automatic static mesh reduction
[2018.07.09-07.37.55:361][  0]LogMeshReduction: No automatic skeletal mesh reduction module available
[2018.07.09-07.37.55:361][  0]LogMeshReduction: No automatic mesh merging module available
[2018.07.09-07.37.55:361][  0]LogMeshMerging: No automatic mesh merging module available
[2018.07.09-07.37.55:714][  0]LogNetVersion: MedievalVillage , NetCL: 3944462, EngineNetVer: 2, GameNetVer: 0 (Checksum: 423016652)
[2018.07.09-07.37.56:962][  0]LogConfig: Warning: Failed to saved backup for config[GameplayTagsList]
[2018.07.09-07.37.59:412][  0]LogAssetRegistry: Error: Failed to open file for write ../../../../../../Users/berke.kiran/Desktop/MedievalVillage/Intermediate/AssetRegistryCache/5a627529.bin
[2018.07.09-07.37.59:470][  0]LogAssetRegistry: Error: Failed to open file for write ../../../../../../Users/berke.kiran/Desktop/MedievalVillage/Intermediate/AssetRegistryCache/2657c409.bin
[2018.07.09-07.37.59:612][  0]LogAssetRegistry: Error: Failed to open file for write ../../../../../../Users/berke.kiran/Desktop/MedievalVillage/Intermediate/AssetRegistryCache/f0d5030c.bin
[2018.07.09-07.37.59:629][  0]LogPackageLocalizationCache: Processed 9 localized package path(s) for 2 prioritized culture(s) in 0.404818 seconds
[2018.07.09-07.37.59:659][  0]LogUObjectArray: 36728 objects as part of root set at end of initial load.
[2018.07.09-07.37.59:659][  0]LogUObjectAllocator: 7314312 out of 0 bytes used by permanent object pool.
[2018.07.09-07.37.59:659][  0]LogUObjectArray: CloseDisregardForGC: 0/0 objects in disregard for GC pool
[2018.07.09-07.38.18:327][  0]LogTcpMessaging: Initializing TcpMessaging bridge
[2018.07.09-07.38.18:398][  0]LogUdpMessaging: Initializing bridge on interface 0.0.0.0:0 to multicast group 230.0.0.1:6666.
[2018.07.09-07.38.20:336][  0]SourceControl: Source control is disabled
[2018.07.09-07.38.20:336][  0]SourceControl: Source control is disabled
[2018.07.09-07.38.20:409][  0]SourceControl: Source control is disabled
[2018.07.09-07.38.20:462][  0]SourceControl: Source control is disabled
[2018.07.09-07.38.22:366][  0]LogAndroidPermission: UAndroidPermissionCallbackProxy::GetInstance
[2018.07.09-07.38.22:809][  0]LogOcInput: OculusInput pre-init called
[2018.07.09-07.38.23:929][  0]LogEngine: Initializing Engine...
[2018.07.09-07.38.24:012][  0]LogHMD: Failed to initialize OpenVR with code 110
[2018.07.09-07.38.24:014][  0]LogStats: UGameplayTagsManager::ConstructGameplayTagTree: Construct from data asset -  0.000 s
[2018.07.09-07.38.24:014][  0]LogStats: UGameplayTagsManager::ConstructGameplayTagTree: GameplayTagTreeChangedEvent.Broadcast -  0.000 s
[2018.07.09-07.38.25:018][  0]LogAIModule: Creating AISystem for world Untitled
[2018.07.09-07.38.25:083][  0]LogInit: XAudio2 using 'Digital Audio (S/PDIF) (High Definition Audio Device)' : 2 channels at 48 kHz using 16 bits per sample (channel mask 0x3)
[2018.07.09-07.38.25:122][  0]LogInit: FAudioDevice initialized.
[2018.07.09-07.38.25:139][  0]LogDerivedDataCache: Error: Could not save memory cache C:/Users/berke.kiran/AppData/Local/UnrealEngine/4.19/DerivedDataCache/Boot.ddc.
[2018.07.09-07.38.25:158][  0]LogInit: Texture streaming: Enabled
[2018.07.09-07.38.25:350][  0]LogEngineSessionManager: EngineSessionManager initialized
[2018.07.09-07.38.25:350][  0]LogEngineSessionManager: EngineSessionManager sent abnormal shutdown report. Type=AbnormalShutdown, SessionId={B3307CCC-4485-AEFF-05A3-49A1F8D52E23}
[2018.07.09-07.38.25:982][  0]LogInit: Transaction tracking system initialized
[2018.07.09-07.38.26:212][  0]BlueprintLog: New page: Editor Load
[2018.07.09-07.38.27:551][  0]LocalizationService: Localization service is disabled
[2018.07.09-07.38.28:105][  0]LogConsoleResponse: Display: 
[2018.07.09-07.38.30:586][  0]LogFileCache: Scanning file cache for directory 'C:/Users/berke.kiran/Desktop/MedievalVillage/Content/' took 0.02s
[2018.07.09-07.38.30:586][  0]LogCook: Display: Max memory allowance for cook 16384mb min free memory 0mb
[2018.07.09-07.38.30:586][  0]LogCook: Display: Mobile HDR setting 1
[2018.07.09-07.38.30:586][  0]LogGameplayTags: Display: UGameplayTagsManager::DoneAddingNativeTags. DelegateIsBound: 0
[2018.07.09-07.38.30:586][  0]LogStats: UGameplayTagsManager::ConstructGameplayTagTree: Construct from data asset -  0.000 s
[2018.07.09-07.38.30:586][  0]LogStats: UGameplayTagsManager::ConstructGameplayTagTree: GameplayTagTreeChangedEvent.Broadcast -  0.000 s
[2018.07.09-07.38.32:663][  0]SourceControl: Source control is disabled
[2018.07.09-07.38.32:684][  0]Cmd: MAP LOAD FILE="../../../../../../Users/berke.kiran/Desktop/MedievalVillage/Content/Map.umap" TEMPLATE=0 SHOWPROGRESS=1 FEATURELEVEL=3
[2018.07.09-07.38.32:686][  0]LightingResults: New page: Lighting Build
[2018.07.09-07.38.32:764][  0]MapCheck: New page: Map Check
[2018.07.09-07.38.32:764][  0]LightingResults: New page: Lighting Build
[2018.07.09-07.38.35:919][  0]LogUObjectGlobals: Created PersistentFrame Addr=0x000002462428f240, Size=132, Default__FirstPersonCharacter_C Function /Game/Blueprints/FirstPersonCharacter.FirstPersonCharacter_C:ExecuteUbergraph_FirstPersonCharacter
[2018.07.09-07.38.35:972][  0]LogUObjectGlobals: Destroyed PersistentFrame Addr=0x000002462428f240, Size=132
[2018.07.09-07.38.35:972][  0]LogUObjectGlobals: Created PersistentFrame Addr=0x000002462428c720, Size=132, Default__FirstPersonCharacter_C Function /Engine/Transient.REINST_FirstPersonCharacter_C_5:ExecuteUbergraph_FirstPersonCharacter
[2018.07.09-07.38.35:977][  0]LogUObjectGlobals: Created PersistentFrame Addr=0x0000024624273420, Size=132, Default__FirstPersonCharacter_C Function /Game/Blueprints/FirstPersonCharacter.FirstPersonCharacter_C:ExecuteUbergraph_FirstPersonCharacter
[2018.07.09-07.38.36:198][  0]LogUObjectGlobals: Created PersistentFrame Addr=0x000002462429a5f8, Size=52, Default__FirstPersonHUD_C Function /Game/Blueprints/FirstPersonHUD.FirstPersonHUD_C:ExecuteUbergraph_FirstPersonHUD
[2018.07.09-07.38.36:253][  0]LogUObjectGlobals: Destroyed PersistentFrame Addr=0x000002462429a5f8, Size=52
[2018.07.09-07.38.36:253][  0]LogUObjectGlobals: Created PersistentFrame Addr=0x000002462429a5f8, Size=52, Default__FirstPersonHUD_C Function /Engine/Transient.REINST_FirstPersonHUD_C_7:ExecuteUbergraph_FirstPersonHUD
[2018.07.09-07.38.36:255][  0]LogUObjectGlobals: Created PersistentFrame Addr=0x000002462429bf90, Size=52, Default__FirstPersonHUD_C Function /Game/Blueprints/FirstPersonHUD.FirstPersonHUD_C:ExecuteUbergraph_FirstPersonHUD
[2018.07.09-07.38.40:391][  0]LogUObjectGlobals: Created PersistentFrame Addr=0x0000024624286618, Size=4, Default__Map_C Function /Game/Map.Map_C:ExecuteUbergraph_Map
[2018.07.09-07.38.40:445][  0]LogUObjectGlobals: Destroyed PersistentFrame Addr=0x0000024624286618, Size=4
[2018.07.09-07.38.40:445][  0]LogUObjectGlobals: Created PersistentFrame Addr=0x0000024624286618, Size=4, Default__Map_C Function /Engine/Transient.REINST_Map_C_11:ExecuteUbergraph_Map
[2018.07.09-07.38.40:446][  0]LogUObjectGlobals: Created PersistentFrame Addr=0x00000246242865a8, Size=4, Default__Map_C Function /Game/Map.Map_C:ExecuteUbergraph_Map
[2018.07.09-07.39.08:361][  0]LogDerivedDataCache: FFileSystemDerivedDataBackend: Move collision, attempt at redundant update, OK C:/Users/berke.kiran/AppData/Local/UnrealEngine/Common/DerivedDataCache/3/4/7/NAVCOLLISION_B89838347A4348138EE337A847529C5C_NAVCOLLISION_X_6509CDB44C840F964__4D10FA423F81D87F2C75400B5384E6FDC26C98DC.udd.
[2018.07.09-07.39.21:990][  0]LogAIModule: Creating AISystem for world Map
[2018.07.09-07.39.21:994][  0]LogMaterial: Warning: Material /Game/Assets/Materials/stone.stone needed to have new flag set bUsedWithInstancedStaticMeshes !
[2018.07.09-07.39.22:029][  0]LogMaterial: Missing cached shader map for material stone, compiling. 
[2018.07.09-07.39.22:065][  0]MapCheck: Warning: stone Material /Game/Assets/Materials/stone.stone was missing the usage flag bUsedWithInstancedStaticMeshes. If the material asset is not re-saved, it may not render correctly when run outside the editor. Fix
[2018.07.09-07.39.29:837][  0]LogShaderCompilers: Display: Shaders left to compile 43
[2018.07.09-07.39.29:837][  0]LogShaderCompilers: Display: Shaders left to compile 33
[2018.07.09-07.39.29:837][  0]LogShaderCompilers: Display: Shaders left to compile 23
[2018.07.09-07.39.29:837][  0]LogShaderCompilers: Display: Shaders left to compile 13
[2018.07.09-07.39.29:837][  0]LogShaderCompilers: Display: Shaders left to compile 3
[2018.07.09-07.39.29:964][  0]LogEditorServer: Finished looking for orphan Actors (0.000 secs)
[2018.07.09-07.39.34:168][  0]LogUObjectGlobals: Destroyed PersistentFrame Addr=0x000002462428c720, Size=132
[2018.07.09-07.39.34:168][  0]LogUObjectGlobals: Destroyed PersistentFrame Addr=0x000002462429a5f8, Size=52
[2018.07.09-07.39.34:168][  0]LogUObjectGlobals: Destroyed PersistentFrame Addr=0x0000024624286618, Size=4
[2018.07.09-07.39.34:277][  0]Cmd: MAP CHECKDEP NOCLEARLOG
[2018.07.09-07.39.34:371][  0]MapCheck: Map check complete: 0 Error(s), 1 Warning(s), took 95.653ms to complete.
[2018.07.09-07.39.34:971][  0]LogFileHelpers: Loading map 'Map' took 62.401
[2018.07.09-07.39.38:117][  0]LogCollectionManager: Loaded 0 collections in 0.040612 seconds
[2018.07.09-07.39.38:387][  0]LogFileCache: Scanning file cache for directory 'C:/Users/berke.kiran/Desktop/MedievalVillage/Saved/Collections/' took 0.01s
[2018.07.09-07.39.38:387][  0]LogFileCache: Scanning file cache for directory 'C:/Users/berke.kiran/Desktop/MedievalVillage/Content/Developers/berkekiran/Collections/' took 0.01s
[2018.07.09-07.39.38:387][  0]LogFileCache: Scanning file cache for directory 'C:/Users/berke.kiran/Desktop/MedievalVillage/Content/Collections/' took 0.01s
[2018.07.09-07.39.38:387][  0]LogCollectionManager: Rebuilt the GUID cache for 0 collections in 0.000001 seconds
[2018.07.09-07.39.38:399][  0]LogContentBrowser: Native class hierarchy populated in 0.0117 seconds. Added 2452 classes and 558 folders.
[2018.07.09-07.39.38:581][  0]LogContentBrowser: Native class hierarchy updated for 'WidgetCarousel' in 0.0003 seconds. Added 0 classes and 0 folders.
[2018.07.09-07.39.42:631][  0]LogContentBrowser: Native class hierarchy updated for 'AddContentDialog' in 0.0003 seconds. Added 0 classes and 0 folders.
[2018.07.09-07.39.44:702][  0]LogContentBrowser: Native class hierarchy updated for 'SceneOutliner' in 0.0003 seconds. Added 1 classes and 2 folders.
[2018.07.09-07.39.48:747][  0]LogSlate: Took 0.085599 seconds to synchronously load lazily loaded font '../../../Engine/Content/Slate/Fonts/Roboto-Regular.ttf' (155K)
[2018.07.09-07.39.48:873][  0]LogSlate: Took 0.125119 seconds to synchronously load lazily loaded font '../../../Engine/Content/Slate/Fonts/Roboto-Bold.ttf' (160K)
[2018.07.09-07.39.49:116][  0]LogSlate: Took 0.075030 seconds to synchronously load lazily loaded font '../../../Engine/Content/Editor/Slate/Fonts/FontAwesome.ttf' (139K)
[2018.07.09-07.39.50:439][  0]LogRenderer: Reallocating scene render targets to support 1112x672 Format 10 NumSamples 1 (Frame:1).
[2018.07.09-07.39.51:974][  0]LogSlate: Took 0.010596 seconds to synchronously load lazily loaded font '../../../Engine/Content/Slate/Fonts/Roboto-Light.ttf' (167K)
[2018.07.09-07.39.52:343][  0]LogContentBrowser: Native class hierarchy updated for 'HierarchicalLODOutliner' in 0.0003 seconds. Added 0 classes and 0 folders.
[2018.07.09-07.39.52:343][  0]LogLoad: (Engine Initialization) Total time: 271.43 seconds
[2018.07.09-07.39.52:343][  0]LogLoad: (Engine Initialization) Total Blueprint compile time: 0.00 seconds
[2018.07.09-07.39.52:764][  0]LogContentStreaming: Texture pool size now 3000 MB
[2018.07.09-07.39.53:091][  0]LogSlate: Window 'MedievalVillage - Unreal Editor' being destroyed
[2018.07.09-07.39.53:919][  1]Cmd: QUIT_EDITOR
[2018.07.09-07.39.54:260][  1]LogWindowsTextInputMethodSystem: Display: IME system now deactivated.
[2018.07.09-07.39.54:303][  1]LogSlate: Slate User Destroyed.  User Index 0, Is Virtual User: 0
[2018.07.09-07.39.54:335][  1]LogExit: Preparing to exit.
[2018.07.09-07.39.56:380][  1]LogDirectoryWatcher: A directory notification for 'C:/Users/berke.kiran/Desktop/MedievalVillage/Content/' was aborted.
[2018.07.09-07.39.56:985][  1]LogExit: Editor shut down
[2018.07.09-07.39.56:988][  1]LogExit: Transaction tracking system shut down
[2018.07.09-07.39.56:989][  1]LogUObjectGlobals: Destroyed PersistentFrame Addr=0x0000024624273420, Size=132
[2018.07.09-07.39.56:989][  1]LogUObjectGlobals: Destroyed PersistentFrame Addr=0x000002462429bf90, Size=52
[2018.07.09-07.39.56:990][  1]LogUObjectGlobals: Destroyed PersistentFrame Addr=0x00000246242865a8, Size=4
[2018.07.09-07.39.57:174][  1]LogDirectoryWatcher: A directory notification for '../../../Engine/Content/' was aborted.
[2018.07.09-07.39.57:174][  1]LogDirectoryWatcher: A directory notification for '../../../../../../Users/berke.kiran/Desktop/MedievalVillage/Content/' was aborted.
[2018.07.09-07.39.57:174][  1]LogDirectoryWatcher: A directory notification for '../../Plugins/2D/Paper2D/Content/' was aborted.
[2018.07.09-07.39.57:174][  1]LogDirectoryWatcher: A directory notification for '../../Plugins/Enterprise/DatasmithContent/Content/' was aborted.
[2018.07.09-07.39.57:174][  1]LogDirectoryWatcher: A directory notification for '../../Plugins/Media/MediaCompositing/Content/' was aborted.
[2018.07.09-07.39.57:174][  1]LogDirectoryWatcher: A directory notification for '../../Plugins/Runtime/AppleARKit/Content/' was aborted.
[2018.07.09-07.39.57:174][  1]LogDirectoryWatcher: A directory notification for '../../Plugins/Runtime/Oculus/OculusVR/Content/' was aborted.
[2018.07.09-07.39.57:174][  1]LogDirectoryWatcher: A directory notification for '../../Plugins/Runtime/Steam/SteamVR/Content/' was aborted.
[2018.07.09-07.39.59:208][  1]LogExit: Object subsystem successfully closed.
[2018.07.09-07.39.59:511][  1]LogShaderCompilers: Display: Shaders left to compile 0
[2018.07.09-07.39.59:710][  1]LogD3D11RHI: Shutdown
[2018.07.09-07.39.59:710][  1]LogD3D11RHI: CleanupD3DDevice
[2018.07.09-07.39.59:712][  1]LogD3D11RHI: ~FD3D11DynamicRHI
[2018.07.09-07.40.00:704][  1]LogModuleManager: Shutting down and abandoning module HierarchicalLODOutliner (574)
[2018.07.09-07.40.00:704][  1]LogModuleManager: Shutting down and abandoning module SceneOutliner (572)
[2018.07.09-07.40.00:740][  1]LogModuleManager: Shutting down and abandoning module AddContentDialog (570)
[2018.07.09-07.40.00:741][  1]LogDirectoryWatcher: A directory notification for 'C:/Program Files/Epic Games/UE_4.19/FeaturePacks/' was aborted.
[2018.07.09-07.40.00:741][  1]LogModuleManager: Shutting down and abandoning module WidgetCarousel (569)
[2018.07.09-07.40.00:741][  1]LogModuleManager: Shutting down and abandoning module EditorWidgets (566)
[2018.07.09-07.40.00:741][  1]LogModuleManager: Shutting down and abandoning module CollectionManager (564)
[2018.07.09-07.40.00:742][  1]LogDirectoryWatcher: A directory notification for 'C:/Users/berke.kiran/Desktop/MedievalVillage/Content/Collections/' was aborted.
[2018.07.09-07.40.00:742][  1]LogDirectoryWatcher: A directory notification for 'C:/Users/berke.kiran/Desktop/MedievalVillage/Content/Developers/berkekiran/Collections/' was aborted.
[2018.07.09-07.40.00:742][  1]LogDirectoryWatcher: A directory notification for 'C:/Users/berke.kiran/Desktop/MedievalVillage/Saved/Collections/' was aborted.
[2018.07.09-07.40.00:742][  1]LogModuleManager: Shutting down and abandoning module StatsViewer (562)
[2018.07.09-07.40.00:742][  1]LogModuleManager: Shutting down and abandoning module FoliageEdit (560)
[2018.07.09-07.40.00:742][  1]LogModuleManager: Shutting down and abandoning module LandscapeEditor (558)
[2018.07.09-07.40.00:853][  1]LogModuleManager: Shutting down and abandoning module MeshPaintMode (556)
[2018.07.09-07.40.00:853][  1]LogModuleManager: Shutting down and abandoning module SceneDepthPickerMode (554)
[2018.07.09-07.40.00:853][  1]LogModuleManager: Shutting down and abandoning module ActorPickerMode (552)
[2018.07.09-07.40.00:853][  1]LogModuleManager: Shutting down and abandoning module GeometryMode (550)
[2018.07.09-07.40.00:853][  1]LogModuleManager: Shutting down and abandoning module TextureAlignMode (548)
[2018.07.09-07.40.00:853][  1]LogModuleManager: Shutting down and abandoning module BspMode (546)
[2018.07.09-07.40.00:853][  1]LogModuleManager: Shutting down and abandoning module PIEPreviewDeviceProfileSelector (544)
[2018.07.09-07.40.00:853][  1]LogModuleManager: Shutting down and abandoning module HardwareSurvey (542)
[2018.07.09-07.40.00:853][  1]LogModuleManager: Shutting down and abandoning module SequenceRecorderSections (540)
[2018.07.09-07.40.00:853][  1]LogModuleManager: Shutting down and abandoning module AutomationWorker (538)
[2018.07.09-07.40.00:853][  1]LogModuleManager: Shutting down and abandoning module AudioCaptureEditor (536)
[2018.07.09-07.40.00:853][  1]LogModuleManager: Shutting down and abandoning module SequenceRecorder (535)
[2018.07.09-07.40.00:853][  1]LogModuleManager: Shutting down and abandoning module MatineeToLevelSequence (532)
[2018.07.09-07.40.00:853][  1]LogModuleManager: Shutting down and abandoning module LevelSequenceEditor (530)
[2018.07.09-07.40.01:006][  1]LogModuleManager: Shutting down and abandoning module PlacementMode (529)
[2018.07.09-07.40.01:006][  1]LogModuleManager: Shutting down and abandoning module MaterialEditor (528)
[2018.07.09-07.40.01:115][  1]LogModuleManager: Shutting down and abandoning module WmfMediaFactory (524)
[2018.07.09-07.40.01:115][  1]LogModuleManager: Shutting down and abandoning module WmfMediaEditor (522)
[2018.07.09-07.40.01:115][  1]LogModuleManager: Shutting down and abandoning module MediaPlayerEditor (520)
[2018.07.09-07.40.01:151][  1]LogModuleManager: Shutting down and abandoning module OpenExrWrapper (518)
[2018.07.09-07.40.01:151][  1]LogModuleManager: Shutting down and abandoning module ImgMediaFactory (516)
[2018.07.09-07.40.01:151][  1]LogModuleManager: Shutting down and abandoning module ImgMediaEditor (514)
[2018.07.09-07.40.01:151][  1]LogModuleManager: Shutting down and abandoning module AvfMediaFactory (512)
[2018.07.09-07.40.01:151][  1]LogModuleManager: Shutting down and abandoning module AvfMediaEditor (510)
[2018.07.09-07.40.01:151][  1]LogModuleManager: Shutting down and abandoning module AndroidMediaFactory (508)
[2018.07.09-07.40.01:151][  1]LogModuleManager: Shutting down and abandoning module AndroidMediaEditor (506)
[2018.07.09-07.40.01:151][  1]LogModuleManager: Shutting down and abandoning module CharacterAI (504)
[2018.07.09-07.40.01:151][  1]LogModuleManager: Shutting down and abandoning module SmartSnapping (502)
[2018.07.09-07.40.01:151][  1]LogModuleManager: Shutting down and abandoning module SessionServices (500)
[2018.07.09-07.40.01:151][  1]LogModuleManager: Shutting down and abandoning module ViewportSnapping (498)
[2018.07.09-07.40.01:151][  1]LogModuleManager: Shutting down and abandoning module ViewportInteraction (496)
[2018.07.09-07.40.01:151][  1]LogModuleManager: Shutting down and abandoning module ClothPainter (494)
[2018.07.09-07.40.01:301][  1]LogModuleManager: Shutting down and abandoning module SkeletalMeshEditor (493)
[2018.07.09-07.40.01:429][  1]LogModuleManager: Shutting down and abandoning module LogVisualizer (490)
[2018.07.09-07.40.01:429][  1]LogModuleManager: Shutting down and abandoning module IntroTutorials (488)
[2018.07.09-07.40.01:430][  1]LogModuleManager: Shutting down and abandoning module GameProjectGeneration (487)
[2018.07.09-07.40.01:545][  1]LogModuleManager: Shutting down and abandoning module IOSPlatformEditor (484)
[2018.07.09-07.40.01:545][  1]LogModuleManager: Shutting down and abandoning module HTML5PlatformEditor (482)
[2018.07.09-07.40.01:545][  1]LogModuleManager: Shutting down and abandoning module AndroidPlatformEditor (480)
[2018.07.09-07.40.01:545][  1]LogModuleManager: Shutting down and abandoning module AndroidDeviceDetection (479)
[2018.07.09-07.40.02:260][  1]LogModuleManager: Shutting down and abandoning module WindowsPlatformEditor (476)
[2018.07.09-07.40.02:260][  1]LogModuleManager: Shutting down and abandoning module IOSRuntimeSettings (474)
[2018.07.09-07.40.02:260][  1]LogModuleManager: Shutting down and abandoning module AndroidRuntimeSettings (472)
[2018.07.09-07.40.02:260][  1]LogModuleManager: Shutting down and abandoning module InputBindingEditor (470)
[2018.07.09-07.40.02:260][  1]LogModuleManager: Shutting down and abandoning module MergeActors (468)
[2018.07.09-07.40.02:302][  1]LogModuleManager: Shutting down and abandoning module LocalizationDashboard (466)
[2018.07.09-07.40.02:340][  1]LogModuleManager: Shutting down and abandoning module LocalizationService (465)
[2018.07.09-07.40.02:341][  1]LogModuleManager: Shutting down and abandoning module HardwareTargeting (462)
[2018.07.09-07.40.02:341][  1]LogModuleManager: Shutting down and abandoning module DeviceProfileEditor (460)
[2018.07.09-07.40.02:341][  1]LogModuleManager: Shutting down and abandoning module UndoHistory (458)
[2018.07.09-07.40.02:341][  1]LogModuleManager: Shutting down and abandoning module XmlParser (456)
[2018.07.09-07.40.02:341][  1]LogModuleManager: Shutting down and abandoning module Blutility (454)
[2018.07.09-07.40.02:341][  1]LogModuleManager: Shutting down and abandoning module ProjectSettingsViewer (452)
[2018.07.09-07.40.02:341][  1]LogModuleManager: Shutting down and abandoning module ProjectTargetPlatformEditor (451)
[2018.07.09-07.40.02:341][  1]LogModuleManager: Shutting down and abandoning module EditorSettingsViewer (448)
[2018.07.09-07.40.02:341][  1]LogModuleManager: Shutting down and abandoning module SettingsEditor (446)
[2018.07.09-07.40.02:386][  1]LogModuleManager: Shutting down and abandoning module ProjectLauncher (444)
[2018.07.09-07.40.02:469][  1]LogModuleManager: Shutting down and abandoning module SessionFrontend (442)
[2018.07.09-07.40.02:469][  1]LogModuleManager: Shutting down and abandoning module ProfilerClient (440)
[2018.07.09-07.40.02:557][  1]LogModuleManager: Shutting down and abandoning module DeviceManager (438)
[2018.07.09-07.40.02:557][  1]LogModuleManager: Shutting down and abandoning module TargetDeviceServices (437)
[2018.07.09-07.40.02:599][  1]LogModuleManager: Shutting down and abandoning module AutomationController (434)
[2018.07.09-07.40.02:599][  1]LogModuleManager: Shutting down and abandoning module AutomationWindow (432)
[2018.07.09-07.40.02:637][  1]LogModuleManager: Shutting down and abandoning module Layers (430)
[2018.07.09-07.40.02:809][  1]LogModuleManager: Shutting down and abandoning module ComponentVisualizers (428)
[2018.07.09-07.40.02:809][  1]LogModuleManager: Shutting down and abandoning module DetailCustomizations (426)
[2018.07.09-07.40.02:812][  1]LogModuleManager: Shutting down and abandoning module PackagesDialog (424)
[2018.07.09-07.40.02:843][  1]LogModuleManager: Shutting down and abandoning module Persona (422)
[2018.07.09-07.40.02:896][  1]LogModuleManager: Shutting down and abandoning module AdvancedPreviewScene (421)
[2018.07.09-07.40.02:896][  1]LogModuleManager: Shutting down and abandoning module AnimGraph (419)
[2018.07.09-07.40.02:896][  1]LogModuleManager: Shutting down and abandoning module Kismet (416)
[2018.07.09-07.40.02:897][  1]LogModuleManager: Shutting down and abandoning module GraphEditor (414)
[2018.07.09-07.40.02:983][  1]LogModuleManager: Shutting down and abandoning module ClassViewer (412)
[2018.07.09-07.40.02:983][  1]LogModuleManager: Shutting down and abandoning module Toolbox (410)
[2018.07.09-07.40.02:983][  1]LogModuleManager: Shutting down and abandoning module ModuleUI (408)
[2018.07.09-07.40.03:029][  1]LogModuleManager: Shutting down and abandoning module MovieSceneTools (406)
[2018.07.09-07.40.03:029][  1]LogModuleManager: Shutting down and abandoning module OutputLog (404)
[2018.07.09-07.40.03:049][  1]LogModuleManager: Shutting down and abandoning module GammaUI (402)
[2018.07.09-07.40.03:064][  1]LogModuleManager: Shutting down and abandoning module Documentation (400)
[2018.07.09-07.40.03:064][  1]LogModuleManager: Shutting down and abandoning module MovieSceneTracks (398)
[2018.07.09-07.40.03:084][  1]LogModuleManager: Shutting down and abandoning module MovieScene (396)
[2018.07.09-07.40.03:098][  1]LogModuleManager: Shutting down and abandoning module StreamingPauseRendering (394)
[2018.07.09-07.40.03:098][  1]LogModuleManager: Shutting down and abandoning module LauncherPlatform (392)
[2018.07.09-07.40.03:098][  1]LogModuleManager: Shutting down and abandoning module AnalyticsET (390)
[2018.07.09-07.40.03:098][  1]LogModuleManager: Shutting down and abandoning module PortalServices (388)
[2018.07.09-07.40.03:098][  1]LogModuleManager: Shutting down and abandoning module PortalRpc (386)
[2018.07.09-07.40.03:098][  1]LogModuleManager: Shutting down and abandoning module MessagingRpc (384)
[2018.07.09-07.40.03:098][  1]LogModuleManager: Shutting down and abandoning module AIModule (382)
[2018.07.09-07.40.03:098][  1]LogModuleManager: Shutting down and abandoning module GameplayDebugger (381)
[2018.07.09-07.40.03:098][  1]LogModuleManager: Shutting down and abandoning module AITestSuite (379)
[2018.07.09-07.40.03:098][  1]LogModuleManager: Shutting down and abandoning module DesktopPlatform (376)
[2018.07.09-07.40.03:099][  1]LogModuleManager: Shutting down and abandoning module ProfilerService (374)
[2018.07.09-07.40.03:155][  1]LogModuleManager: Shutting down and abandoning module TaskGraph (372)
[2018.07.09-07.40.03:155][  1]LogModuleManager: Shutting down and abandoning module SteamVRController (370)
[2018.07.09-07.40.03:155][  1]LogModuleManager: Shutting down and abandoning module ProceduralMeshComponentEditor (368)
[2018.07.09-07.40.03:155][  1]LogModuleManager: Shutting down and abandoning module ProceduralMeshComponent (366)
[2018.07.09-07.40.03:155][  1]LogModuleManager: Shutting down and abandoning module OculusInput (364)
[2018.07.09-07.40.03:155][  1]LogModuleManager: Shutting down and abandoning module MobilePatchingUtils (362)
[2018.07.09-07.40.03:155][  1]LogModuleManager: Shutting down and abandoning module CustomMeshComponent (360)
[2018.07.09-07.40.03:155][  1]LogModuleManager: Shutting down and abandoning module CableComponent (358)
[2018.07.09-07.40.03:155][  1]LogModuleManager: Shutting down and abandoning module AudioCapture (356)
[2018.07.09-07.40.03:155][  1]LogModuleManager: Shutting down and abandoning module ArchVisCharacter (354)
[2018.07.09-07.40.03:155][  1]LogModuleManager: Shutting down and abandoning module AndroidPermission (352)
[2018.07.09-07.40.03:155][  1]LogModuleManager: Shutting down and abandoning module NUTUnrealEngine4 (348)
[2018.07.09-07.40.03:155][  1]LogModuleManager: Shutting down and abandoning module NetcodeUnitTest (346)
[2018.07.09-07.40.03:178][  1]LogModuleManager: Shutting down and abandoning module MediaCompositingEditor (344)
[2018.07.09-07.40.03:178][  1]LogModuleManager: Shutting down and abandoning module MediaCompositing (342)
[2018.07.09-07.40.03:178][  1]LogModuleManager: Shutting down and abandoning module LinearTimecode (340)
[2018.07.09-07.40.03:178][  1]LogModuleManager: Shutting down and abandoning module ImgMedia (338)
[2018.07.09-07.40.03:184][  1]LogModuleManager: Shutting down and abandoning module HTML5Networking (336)
[2018.07.09-07.40.03:184][  1]LogModuleManager: Shutting down and abandoning module AlembicImporter (334)
[2018.07.09-07.40.03:200][  1]LogModuleManager: Shutting down and abandoning module AlembicLibrary (333)
[2018.07.09-07.40.03:200][  1]LogModuleManager: Shutting down and abandoning module GeometryCache (332)
[2018.07.09-07.40.03:200][  1]LogModuleManager: Shutting down and abandoning module GeometryCacheEd (331)
[2018.07.09-07.40.03:200][  1]LogModuleManager: Shutting down and abandoning module DatasmithContent (326)
[2018.07.09-07.40.03:200][  1]LogModuleManager: Shutting down and abandoning module SpeedTreeImporter (324)
[2018.07.09-07.40.03:200][  1]LogModuleManager: Shutting down and abandoning module PluginBrowser (322)
[2018.07.09-07.40.03:251][  1]LogModuleManager: Shutting down and abandoning module MobileLauncherProfileWizard (320)
[2018.07.09-07.40.03:303][  1]LogModuleManager: Shutting down and abandoning module CryptoKeysOpenSSL (318)
[2018.07.09-07.40.03:303][  1]LogModuleManager: Shutting down and abandoning module CryptoKeys (316)
[2018.07.09-07.40.03:303][  1]LogModuleManager: Shutting down and abandoning module VisualStudioSourceCodeAccess (314)
[2018.07.09-07.40.03:303][  1]LogModuleManager: Shutting down and abandoning module VisualStudioCodeSourceCodeAccess (312)
[2018.07.09-07.40.03:303][  1]LogModuleManager: Shutting down and abandoning module UObjectPlugin (310)
[2018.07.09-07.40.03:303][  1]LogModuleManager: Shutting down and abandoning module SubversionSourceControl (308)
[2018.07.09-07.40.03:303][  1]LogModuleManager: Shutting down and abandoning module PerforceSourceControl (306)
[2018.07.09-07.40.03:303][  1]LogModuleManager: Shutting down and abandoning module GitSourceControl (304)
[2018.07.09-07.40.03:303][  1]LogModuleManager: Shutting down and abandoning module SourceControl (303)
[2018.07.09-07.40.03:303][  1]LogModuleManager: Shutting down and abandoning module CLionSourceCodeAccess (300)
[2018.07.09-07.40.03:303][  1]LogModuleManager: Shutting down and abandoning module LightPropagationVolumeEditor (298)
[2018.07.09-07.40.03:303][  1]LogModuleManager: Shutting down and abandoning module PaperTiledImporter (296)
[2018.07.09-07.40.03:304][  1]LogModuleManager: Shutting down and abandoning module PaperSpriteSheetImporter (294)
[2018.07.09-07.40.03:304][  1]LogModuleManager: Shutting down and abandoning module Paper2DEditor (292)
[2018.07.09-07.40.03:406][  1]LogModuleManager: Shutting down and abandoning module MeshPaint (291)
[2018.07.09-07.40.03:407][  1]LogModuleManager: Shutting down and abandoning module RuntimePhysXCooking (288)
[2018.07.09-07.40.03:407][  1]LogModuleManager: Shutting down and abandoning module PhysXVehiclesEditor (286)
[2018.07.09-07.40.03:407][  1]LogModuleManager: Shutting down and abandoning module PhysXVehicles (284)
[2018.07.09-07.40.03:407][  1]LogModuleManager: Shutting down and abandoning module OculusEditor (282)
[2018.07.09-07.40.03:407][  1]LogModuleManager: Shutting down and abandoning module LocationServicesBPLibrary (280)
[2018.07.09-07.40.03:407][  1]LogModuleManager: Shutting down and abandoning module ImmediatePhysicsEditor (278)
[2018.07.09-07.40.03:407][  1]LogModuleManager: Shutting down and abandoning module ImmediatePhysics (276)
[2018.07.09-07.40.03:407][  1]LogModuleManager: Shutting down and abandoning module ActorSequence (274)
[2018.07.09-07.40.03:407][  1]LogModuleManager: Shutting down and abandoning module UdpMessaging (272)
[2018.07.09-07.40.03:506][  1]LogModuleManager: Shutting down and abandoning module TcpMessaging (270)
[2018.07.09-07.40.03:605][  1]LogModuleManager: Shutting down and abandoning module GameplayTagsEditor (268)
[2018.07.09-07.40.03:669][  1]LogModuleManager: Shutting down and abandoning module FacialAnimationEditor (266)
[2018.07.09-07.40.03:669][  1]LogModuleManager: Shutting down and abandoning module FacialAnimation (264)
[2018.07.09-07.40.03:669][  1]LogModuleManager: Shutting down and abandoning module DataValidation (262)
[2018.07.09-07.40.03:763][  1]LogModuleManager: Shutting down and abandoning module AssetManagerEditor (260)
[2018.07.09-07.40.03:816][  1]LogModuleManager: Shutting down and abandoning module LevelEditor (259)
[2018.07.09-07.40.03:817][  1]LogModuleManager: Shutting down and abandoning module PixelInspectorModule (258)
[2018.07.09-07.40.03:817][  1]LogModuleManager: Shutting down and abandoning module CommonMenuExtensions (256)
[2018.07.09-07.40.03:817][  1]LogModuleManager: Shutting down and abandoning module MainFrame (254)
[2018.07.09-07.40.03:817][  1]LogModuleManager: Shutting down and abandoning module HotReload (253)
[2018.07.09-07.40.03:818][  1]LogModuleManager: Shutting down and abandoning module ContentBrowser (249)
[2018.07.09-07.40.03:819][  1]LogModuleManager: Shutting down and abandoning module TreeMap (247)
[2018.07.09-07.40.03:819][  1]LogModuleManager: Shutting down and abandoning module LightPropagationVolumeRuntime (244)
[2018.07.09-07.40.03:819][  1]LogModuleManager: Shutting down and abandoning module LiveLinkEditor (242)
[2018.07.09-07.40.03:819][  1]LogModuleManager: Shutting down and abandoning module LiveLink (240)
[2018.07.09-07.40.04:114][  1]LogModuleManager: Shutting down and abandoning module Paper2D (238)
[2018.07.09-07.40.04:114][  1]LogModuleManager: Shutting down and abandoning module WindowsMoviePlayer (236)
[2018.07.09-07.40.04:114][  1]LogModuleManager: Shutting down and abandoning module WmfMedia (234)
[2018.07.09-07.40.04:203][  1]LogModuleManager: Shutting down and abandoning module Media (233)
[2018.07.09-07.40.04:209][  1]LogModuleManager: Shutting down and abandoning module PacketHandler (230)
[2018.07.09-07.40.04:209][  1]LogModuleManager: Shutting down and abandoning module ClothingSystemEditor (228)
[2018.07.09-07.40.04:209][  1]LogModuleManager: Shutting down and abandoning module ClothingSystemRuntime (226)
[2018.07.09-07.40.04:298][  1]LogModuleManager: Shutting down and abandoning module MediaAssets (224)
[2018.07.09-07.40.04:298][  1]LogModuleManager: Shutting down and abandoning module Overlay (222)
[2018.07.09-07.40.04:298][  1]LogModuleManager: Shutting down and abandoning module OverlayEditor (221)
[2018.07.09-07.40.04:298][  1]LogModuleManager: Shutting down and abandoning module VREditor (218)
[2018.07.09-07.40.04:316][  1]LogModuleManager: Shutting down and abandoning module StringTableEditor (216)
[2018.07.09-07.40.04:316][  1]LogModuleManager: Shutting down and abandoning module GameplayTasksEditor (214)
[2018.07.09-07.40.04:316][  1]LogModuleManager: Shutting down and abandoning module BehaviorTreeEditor (212)
[2018.07.09-07.40.04:355][  1]LogModuleManager: Shutting down and abandoning module FunctionalTesting (210)
[2018.07.09-07.40.04:356][  1]LogModuleManager: Shutting down and abandoning module CollisionAnalyzer (208)
[2018.07.09-07.40.04:356][  1]LogModuleManager: Shutting down and abandoning module WorkspaceMenuStructure (207)
[2018.07.09-07.40.04:356][  1]LogModuleManager: Shutting down and abandoning module UMG (204)
[2018.07.09-07.40.04:400][  1]LogModuleManager: Shutting down and abandoning module UMGEditor (203)
[2018.07.09-07.40.04:633][  1]LogModuleManager: Shutting down and abandoning module Sequencer (202)
[2018.07.09-07.40.04:715][  1]LogModuleManager: Shutting down and abandoning module MessageLog (199)
[2018.07.09-07.40.04:715][  1]LogModuleManager: Shutting down and abandoning module SlateReflector (194)
[2018.07.09-07.40.04:864][  1]LogModuleManager: Shutting down and abandoning module Slate (192)
[2018.07.09-07.40.04:864][  1]LogModuleManager: Shutting down and abandoning module EditorStyle (190)
[2018.07.09-07.40.04:865][  1]LogModuleManager: Shutting down and abandoning module MRMesh (188)
[2018.07.09-07.40.04:865][  1]LogModuleManager: Shutting down and abandoning module SourceCodeAccess (186)
[2018.07.09-07.40.04:865][  1]LogModuleManager: Shutting down and abandoning module HeadMountedDisplay (184)
[2018.07.09-07.40.04:865][  1]LogModuleManager: Shutting down and abandoning module XAudio2 (182)
[2018.07.09-07.40.04:866][  1]LogModuleManager: Shutting down and abandoning module Networking (180)
[2018.07.09-07.40.04:866][  1]LogModuleManager: Shutting down and abandoning module Core (178)
[2018.07.09-07.40.04:866][  1]LogModuleManager: Shutting down and abandoning module LevelSequence (176)
[2018.07.09-07.40.04:866][  1]LogModuleManager: Shutting down and abandoning module KismetCompiler (174)
[2018.07.09-07.40.04:866][  1]LogModuleManager: Shutting down and abandoning module MeshUtilities (172)
[2018.07.09-07.40.04:894][  1]LogModuleManager: Shutting down and abandoning module MeshMergeUtilities (171)
[2018.07.09-07.40.04:894][  1]LogModuleManager: Shutting down and abandoning module MeshReductionInterface (170)
[2018.07.09-07.40.04:894][  1]LogModuleManager: Shutting down and abandoning module SimplygonSwarm (169)
[2018.07.09-07.40.04:894][  1]LogModuleManager: Shutting down and abandoning module SimplygonMeshReduction (167)
[2018.07.09-07.40.04:894][  1]LogModuleManager: Shutting down and abandoning module QuadricMeshReduction (165)
[2018.07.09-07.40.04:894][  1]LogModuleManager: Shutting down and abandoning module MaterialBaking (161)
[2018.07.09-07.40.04:894][  1]LogModuleManager: Shutting down and abandoning module DirectoryWatcher (157)
[2018.07.09-07.40.04:894][  1]LogModuleManager: Shutting down and abandoning module DerivedDataCache (154)
[2018.07.09-07.40.04:953][  1]LogDerivedDataCache: Shutdown
[2018.07.09-07.40.04:953][  1]LogModuleManager: Shutting down and abandoning module XGEController (152)
[2018.07.09-07.40.04:953][  1]LogXGEController: Cleaning working directory: C:/Users/berke.kiran/AppData/Local/Temp/UnrealXGEWorkingDir/
[2018.07.09-07.40.04:954][  1]LogModuleManager: Shutting down and abandoning module TargetPlatform (150)
[2018.07.09-07.40.04:954][  1]LogModuleManager: Shutting down and abandoning module VulkanShaderFormat (149)
[2018.07.09-07.40.04:954][  1]LogModuleManager: Shutting down and abandoning module ShaderFormatVectorVM (147)
[2018.07.09-07.40.04:997][  1]LogModuleManager: Shutting down and abandoning module ShaderFormatOpenGL (145)
[2018.07.09-07.40.05:029][  1]LogModuleManager: Shutting down and abandoning module ShaderFormatD3D (143)
[2018.07.09-07.40.05:029][  1]LogModuleManager: Shutting down and abandoning module MetalShaderFormat (141)
[2018.07.09-07.40.05:071][  1]LogModuleManager: Shutting down and abandoning module TextureFormatUncompressed (139)
[2018.07.09-07.40.05:071][  1]LogModuleManager: Shutting down and abandoning module TextureFormatPVR (137)
[2018.07.09-07.40.05:071][  1]LogModuleManager: Shutting down and abandoning module TextureFormatDXT (135)
[2018.07.09-07.40.05:071][  1]LogModuleManager: Shutting down and abandoning module TextureFormatIntelISPCTexComp (133)
[2018.07.09-07.40.05:071][  1]LogModuleManager: Shutting down and abandoning module TextureFormatASTC (131)
[2018.07.09-07.40.05:071][  1]LogModuleManager: Shutting down and abandoning module ImageWrapper (130)
[2018.07.09-07.40.05:071][  1]LogModuleManager: Shutting down and abandoning module TextureFormatAndroid (127)
[2018.07.09-07.40.05:071][  1]LogModuleManager: Shutting down and abandoning module AudioFormatOpus (125)
[2018.07.09-07.40.05:071][  1]LogModuleManager: Shutting down and abandoning module AudioFormatOgg (123)
[2018.07.09-07.40.05:071][  1]LogModuleManager: Shutting down and abandoning module AudioFormatADPCM (121)
[2018.07.09-07.40.05:071][  1]LogModuleManager: Shutting down and abandoning module LinuxTargetPlatform (119)
[2018.07.09-07.40.05:071][  1]LogModuleManager: Shutting down and abandoning module LinuxServerTargetPlatform (117)
[2018.07.09-07.40.05:071][  1]LogModuleManager: Shutting down and abandoning module LinuxNoEditorTargetPlatform (115)
[2018.07.09-07.40.05:071][  1]LogModuleManager: Shutting down and abandoning module LinuxClientTargetPlatform (113)
[2018.07.09-07.40.05:071][  1]LogModuleManager: Shutting down and abandoning module TVOSTargetPlatform (111)
[2018.07.09-07.40.05:071][  1]LogModuleManager: Shutting down and abandoning module Messaging (109)
[2018.07.09-07.40.05:071][  1]LogModuleManager: Shutting down and abandoning module IOSTargetPlatform (107)
[2018.07.09-07.40.05:071][  1]LogModuleManager: Shutting down and abandoning module HTML5TargetPlatform (105)
[2018.07.09-07.40.05:071][  1]LogModuleManager: Shutting down and abandoning module AndroidTargetPlatform (103)
[2018.07.09-07.40.05:071][  1]LogModuleManager: Shutting down and abandoning module Android_PVRTCTargetPlatform (101)
[2018.07.09-07.40.05:071][  1]LogModuleManager: Shutting down and abandoning module Android_MultiTargetPlatform (99)
[2018.07.09-07.40.05:071][  1]LogModuleManager: Shutting down and abandoning module Android_ETC2TargetPlatform (97)
[2018.07.09-07.40.05:071][  1]LogModuleManager: Shutting down and abandoning module Android_ETC1TargetPlatform (95)
[2018.07.09-07.40.05:071][  1]LogModuleManager: Shutting down and abandoning module Android_ETC1aTargetPlatform (93)
[2018.07.09-07.40.05:071][  1]LogModuleManager: Shutting down and abandoning module Android_DXTTargetPlatform (91)
[2018.07.09-07.40.05:071][  1]LogModuleManager: Shutting down and abandoning module Android_ATCTargetPlatform (89)
[2018.07.09-07.40.05:071][  1]LogModuleManager: Shutting down and abandoning module Android_ASTCTargetPlatform (87)
[2018.07.09-07.40.05:071][  1]LogModuleManager: Shutting down and abandoning module WindowsTargetPlatform (85)
[2018.07.09-07.40.05:072][  1]LogModuleManager: Shutting down and abandoning module WindowsServerTargetPlatform (83)
[2018.07.09-07.40.05:072][  1]LogModuleManager: Shutting down and abandoning module WindowsNoEditorTargetPlatform (81)
[2018.07.09-07.40.05:072][  1]LogModuleManager: Shutting down and abandoning module WindowsClientTargetPlatform (79)
[2018.07.09-07.40.05:072][  1]LogModuleManager: Shutting down and abandoning module MacTargetPlatform (77)
[2018.07.09-07.40.05:072][  1]LogModuleManager: Shutting down and abandoning module MacServerTargetPlatform (75)
[2018.07.09-07.40.05:072][  1]LogModuleManager: Shutting down and abandoning module MacNoEditorTargetPlatform (73)
[2018.07.09-07.40.05:072][  1]LogModuleManager: Shutting down and abandoning module MacClientTargetPlatform (71)
[2018.07.09-07.40.05:072][  1]LogModuleManager: Shutting down and abandoning module AllDesktopTargetPlatform (69)
[2018.07.09-07.40.05:072][  1]LogModuleManager: Shutting down and abandoning module InputCore (66)
[2018.07.09-07.40.05:072][  1]LogModuleManager: Shutting down and abandoning module Settings (64)
[2018.07.09-07.40.05:072][  1]LogModuleManager: Shutting down and abandoning module PhysXCooking (62)
[2018.07.09-07.40.05:072][  1]LogModuleManager: Shutting down and abandoning module SteamVR (60)
[2018.07.09-07.40.05:072][  1]LogModuleManager: Shutting down and abandoning module OculusHMD (58)
[2018.07.09-07.40.05:072][  1]LogModuleManager: Shutting down and abandoning module ExampleDeviceProfileSelector (56)
[2018.07.09-07.40.05:072][  1]LogModuleManager: Shutting down and abandoning module AppleARKit (54)
[2018.07.09-07.40.05:072][  1]LogModuleManager: Shutting down and abandoning module AugmentedReality (51)
[2018.07.09-07.40.05:072][  1]LogModuleManager: Shutting down and abandoning module OnlineBlueprintSupport (48)
[2018.07.09-07.40.05:072][  1]LogModuleManager: Shutting down and abandoning module OnlineSubsystem (44)
[2018.07.09-07.40.05:096][  1]LogModuleManager: Shutting down and abandoning module XMPP (43)
[2018.07.09-07.40.05:162][  1]LogModuleManager: Shutting down and abandoning module HTTP (41)
[2018.07.09-07.40.05:162][  1]LogHttp: Display: Http module shutting down, but needs to wait on 1 outstanding Http requests:
[2018.07.09-07.40.05:162][  1]LogHttp: Display: 	verb=[POST] url=[https://datarouter.ol.epicgames.com/datarouter/api/v1/public/data?SessionID=%7BAACB36D9-4580-36BB-1EC9-CA81ED71A1C9%7D&AppID=UEEditor.Rocket.Release&AppVersion=4.19.2-4033788%2B%2B%2BUE4%2BRelease-4.19&UserID=78b3891745eac49f8c9f108ec7a3bab4%7C90de724b51634f8e9b21917010ed6886%7C28c9e0d9-57d6-49bf-b177-37baf96f2b1b&AppEnvironment=datacollector-binary&UploadType=eteventstream] status=Processing
[2018.07.09-07.40.05:194][  1]LogModuleManager: Shutting down and abandoning module SSL (40)
[2018.07.09-07.40.05:196][  1]LogModuleManager: Shutting down and abandoning module AnimationModifiers (36)
[2018.07.09-07.40.05:196][  1]LogModuleManager: Shutting down and abandoning module PropertyEditor (35)
[2018.07.09-07.40.05:262][  1]LogModuleManager: Shutting down and abandoning module AudioEditor (32)
[2018.07.09-07.40.05:319][  1]LogModuleManager: Shutting down and abandoning module TextureCompressor (30)
[2018.07.09-07.40.05:319][  1]LogModuleManager: Shutting down and abandoning module ShaderCore (28)
[2018.07.09-07.40.05:319][  1]LogModuleManager: Shutting down and abandoning module Landscape (26)
[2018.07.09-07.40.05:319][  1]LogModuleManager: Shutting down and abandoning module SlateRHIRenderer (24)
[2018.07.09-07.40.05:338][  1]LogModuleManager: Shutting down and abandoning module OpenGLDrv (22)
[2018.07.09-07.40.05:410][  1]LogModuleManager: Shutting down and abandoning module D3D11RHI (20)
[2018.07.09-07.40.05:410][  1]LogModuleManager: Shutting down and abandoning module AnimGraphRuntime (18)
[2018.07.09-07.40.05:410][  1]LogModuleManager: Shutting down and abandoning module Renderer (16)
[2018.07.09-07.40.05:410][  1]LogModuleManager: Shutting down and abandoning module Engine (14)
[2018.07.09-07.40.05:410][  1]LogModuleManager: Shutting down and abandoning module CoreUObject (12)
[2018.07.09-07.40.05:410][  1]LogModuleManager: Shutting down and abandoning module NetworkFile (10)
[2018.07.09-07.40.05:410][  1]LogModuleManager: Shutting down and abandoning module CookedIterativeFile (8)
[2018.07.09-07.40.05:410][  1]LogModuleManager: Shutting down and abandoning module StreamingFile (6)
[2018.07.09-07.40.05:410][  1]LogModuleManager: Shutting down and abandoning module SandboxFile (4)
[2018.07.09-07.40.05:410][  1]LogModuleManager: Shutting down and abandoning module PakFile (2)
[2018.07.09-07.40.05:448][  1]LogExit: Exiting.
[2018.07.09-07.40.05:462][  1]Log file closed, 07/09/18 10:40:05
